
> @dykstra/application@0.1.0 lint /Users/andrewmathers/projects/dykstra-funeral-website/packages/application
> eslint .

Pages directory cannot be found at /Users/andrewmathers/projects/dykstra-funeral-website/packages/application/pages or /Users/andrewmathers/projects/dykstra-funeral-website/packages/application/src/pages. If using a custom path, please configure with the `no-html-link-for-pages` rule in your eslint config file.

/Users/andrewmathers/projects/dykstra-funeral-website/packages/application/src/commands/add-tribute.ts
  2:1  warning  Imports "ValidationError" are only used as type                           @typescript-eslint/consistent-type-imports
  4:1  warning  All imports in the declaration are only used as types. Use `import type`  @typescript-eslint/consistent-type-imports

/Users/andrewmathers/projects/dykstra-funeral-website/packages/application/src/commands/assign-insurance.ts
  3:1  warning  Imports "InsuranceError" are only used as type  @typescript-eslint/consistent-type-imports

/Users/andrewmathers/projects/dykstra-funeral-website/packages/application/src/commands/create-case.ts
  2:1  warning  Imports "ValidationError" are only used as type    @typescript-eslint/consistent-type-imports
  4:1  warning  Imports "PersistenceError" are only used as type   @typescript-eslint/consistent-type-imports
  5:1  warning  Imports "EventPublishError" are only used as type  @typescript-eslint/consistent-type-imports

/Users/andrewmathers/projects/dykstra-funeral-website/packages/application/src/commands/create-payment-intent.ts
  2:1  warning  Imports "NotFoundError" are only used as type           @typescript-eslint/consistent-type-imports
  3:1  warning  Imports "PaymentProcessingError" are only used as type  @typescript-eslint/consistent-type-imports
  4:1  warning  Imports "PersistenceError" are only used as type        @typescript-eslint/consistent-type-imports

/Users/andrewmathers/projects/dykstra-funeral-website/packages/application/src/commands/create-payment-plan.ts
  3:1  warning  Imports "PaymentPlanError" and "PaymentFrequency" are only used as type  @typescript-eslint/consistent-type-imports

/Users/andrewmathers/projects/dykstra-funeral-website/packages/application/src/commands/delete-photo.ts
  2:1  warning  Imports "NotFoundError" are only used as type      @typescript-eslint/consistent-type-imports
  3:1  warning  Imports "PersistenceError" are only used as type   @typescript-eslint/consistent-type-imports
  4:1  warning  Imports "StorageError" are only used as type       @typescript-eslint/consistent-type-imports
  5:1  warning  Imports "EventPublishError" are only used as type  @typescript-eslint/consistent-type-imports

/Users/andrewmathers/projects/dykstra-funeral-website/packages/application/src/commands/process-ach-payment.ts
  3:1  warning  Imports "PaymentProcessingError" are only used as type  @typescript-eslint/consistent-type-imports

/Users/andrewmathers/projects/dykstra-funeral-website/packages/application/src/commands/process-payment.ts
  2:1  warning  Imports "ValidationError", "NotFoundError", "BusinessRuleViolationError" and "InvalidStateTransitionError" are only used as type  @typescript-eslint/consistent-type-imports
  4:1  warning  Imports "PersistenceError" are only used as type                                                                                  @typescript-eslint/consistent-type-imports
  5:1  warning  Imports "PaymentProcessingError" are only used as type                                                                            @typescript-eslint/consistent-type-imports
  6:1  warning  Imports "EventPublishError" are only used as type                                                                                 @typescript-eslint/consistent-type-imports

/Users/andrewmathers/projects/dykstra-funeral-website/packages/application/src/commands/save-arrangements.ts
  2:1  warning  Imports "Case", "ValidationError", "BusinessRuleViolationError" and "NotFoundError" are only used as type  @typescript-eslint/consistent-type-imports
  3:1  warning  Imports "PersistenceError" are only used as type                                                           @typescript-eslint/consistent-type-imports
  4:1  warning  All imports in the declaration are only used as types. Use `import type`                                   @typescript-eslint/consistent-type-imports

/Users/andrewmathers/projects/dykstra-funeral-website/packages/application/src/commands/sign-contract.ts
  2:1  warning  Imports "Contract", "NotFoundError" and "InvalidStateTransitionError" are only used as type  @typescript-eslint/consistent-type-imports
  3:1  warning  Imports "PersistenceError" are only used as type                                             @typescript-eslint/consistent-type-imports
  4:1  warning  Imports "EventPublishError" are only used as type                                            @typescript-eslint/consistent-type-imports

/Users/andrewmathers/projects/dykstra-funeral-website/packages/application/src/commands/sign-guestbook.ts
  2:1  warning  Imports "ValidationError" are only used as type   @typescript-eslint/consistent-type-imports
  3:1  warning  Imports "PersistenceError" are only used as type  @typescript-eslint/consistent-type-imports

/Users/andrewmathers/projects/dykstra-funeral-website/packages/application/src/commands/upload-photo.ts
  2:1  warning  Imports "ValidationError" are only used as type    @typescript-eslint/consistent-type-imports
  3:1  warning  Imports "PersistenceError" are only used as type   @typescript-eslint/consistent-type-imports
  4:1  warning  Imports "StorageError" are only used as type       @typescript-eslint/consistent-type-imports
  5:1  warning  Imports "EventPublishError" are only used as type  @typescript-eslint/consistent-type-imports

/Users/andrewmathers/projects/dykstra-funeral-website/packages/application/src/ports/address-validation-port.ts
  1:1  warning  Imports "Effect" are only used as type  @typescript-eslint/consistent-type-imports

/Users/andrewmathers/projects/dykstra-funeral-website/packages/application/src/ports/audit-log-repository.ts
  1:1  warning  Imports "Effect" are only used as type  @typescript-eslint/consistent-type-imports

/Users/andrewmathers/projects/dykstra-funeral-website/packages/application/src/ports/calendar-event-repository.ts
  1:1  warning  Imports "Effect" are only used as type  @typescript-eslint/consistent-type-imports

/Users/andrewmathers/projects/dykstra-funeral-website/packages/application/src/ports/calendar-sync-port.ts
  1:1  warning  Imports "Effect" are only used as type  @typescript-eslint/consistent-type-imports

/Users/andrewmathers/projects/dykstra-funeral-website/packages/application/src/ports/campaign-repository.ts
  1:1  warning  Imports "Effect" are only used as type    @typescript-eslint/consistent-type-imports
  2:1  warning  Imports "Campaign" are only used as type  @typescript-eslint/consistent-type-imports

/Users/andrewmathers/projects/dykstra-funeral-website/packages/application/src/ports/case-repository.ts
  1:1  warning  Imports "Effect" are only used as type  @typescript-eslint/consistent-type-imports
  2:1  warning  Imports "Case" are only used as type    @typescript-eslint/consistent-type-imports

/Users/andrewmathers/projects/dykstra-funeral-website/packages/application/src/ports/catalog-repository.ts
  1:1  warning  Imports "Effect" are only used as type  @typescript-eslint/consistent-type-imports

/Users/andrewmathers/projects/dykstra-funeral-website/packages/application/src/ports/contact-enrichment-port.ts
  1:1  warning  Imports "Effect" are only used as type  @typescript-eslint/consistent-type-imports

/Users/andrewmathers/projects/dykstra-funeral-website/packages/application/src/ports/contact-repository.ts
  1:1  warning  Imports "Effect" are only used as type   @typescript-eslint/consistent-type-imports
  2:1  warning  Imports "Contact" are only used as type  @typescript-eslint/consistent-type-imports

/Users/andrewmathers/projects/dykstra-funeral-website/packages/application/src/ports/contract-repository.ts
  1:1  warning  Imports "Effect" are only used as type                                    @typescript-eslint/consistent-type-imports
  2:1  warning  All imports in the declaration are only used as types. Use `import type`  @typescript-eslint/consistent-type-imports

/Users/andrewmathers/projects/dykstra-funeral-website/packages/application/src/ports/contract-template-repository.ts
  1:1  warning  Imports "Effect" are only used as type                                    @typescript-eslint/consistent-type-imports
  2:1  warning  All imports in the declaration are only used as types. Use `import type`  @typescript-eslint/consistent-type-imports

/Users/andrewmathers/projects/dykstra-funeral-website/packages/application/src/ports/email-marketing-port.ts
  1:1  warning  Imports "Effect" are only used as type  @typescript-eslint/consistent-type-imports

/Users/andrewmathers/projects/dykstra-funeral-website/packages/application/src/ports/email-port.ts
  1:1  warning  Imports "Effect" are only used as type  @typescript-eslint/consistent-type-imports

/Users/andrewmathers/projects/dykstra-funeral-website/packages/application/src/ports/email-repository.ts
    1:1  warning  Imports "Effect" are only used as type                                    @typescript-eslint/consistent-type-imports
  100:1  warning  All imports in the declaration are only used as types. Use `import type`  @typescript-eslint/consistent-type-imports

/Users/andrewmathers/projects/dykstra-funeral-website/packages/application/src/ports/email-sync-port.ts
  1:1  warning  Imports "Effect" are only used as type  @typescript-eslint/consistent-type-imports

/Users/andrewmathers/projects/dykstra-funeral-website/packages/application/src/ports/event-publisher.ts
  1:1  warning  Imports "Effect" are only used as type  @typescript-eslint/consistent-type-imports

/Users/andrewmathers/projects/dykstra-funeral-website/packages/application/src/ports/family-relationship-repository.ts
  1:1  warning  Imports "Effect" are only used as type              @typescript-eslint/consistent-type-imports
  2:1  warning  Imports "FamilyRelationship" are only used as type  @typescript-eslint/consistent-type-imports

/Users/andrewmathers/projects/dykstra-funeral-website/packages/application/src/ports/guestbook-repository.ts
  1:1  warning  Imports "Effect" are only used as type                                    @typescript-eslint/consistent-type-imports
  3:1  warning  All imports in the declaration are only used as types. Use `import type`  @typescript-eslint/consistent-type-imports

/Users/andrewmathers/projects/dykstra-funeral-website/packages/application/src/ports/insurance-port.ts
  1:1  warning  Imports "Effect" are only used as type  @typescript-eslint/consistent-type-imports

/Users/andrewmathers/projects/dykstra-funeral-website/packages/application/src/ports/interaction-repository.ts
  1:1  warning  Imports "Effect" are only used as type       @typescript-eslint/consistent-type-imports
  2:1  warning  Imports "Interaction" are only used as type  @typescript-eslint/consistent-type-imports

/Users/andrewmathers/projects/dykstra-funeral-website/packages/application/src/ports/invitation-repository.ts
  1:1  warning  Imports "Effect" are only used as type  @typescript-eslint/consistent-type-imports

/Users/andrewmathers/projects/dykstra-funeral-website/packages/application/src/ports/lead-repository.ts
  1:1  warning  Imports "Effect" are only used as type  @typescript-eslint/consistent-type-imports
  2:1  warning  Imports "Lead" are only used as type    @typescript-eslint/consistent-type-imports

/Users/andrewmathers/projects/dykstra-funeral-website/packages/application/src/ports/note-repository.ts
  1:1  warning  Imports "Effect" are only used as type  @typescript-eslint/consistent-type-imports

/Users/andrewmathers/projects/dykstra-funeral-website/packages/application/src/ports/payment-plan-port.ts
  1:1  warning  Imports "Effect" are only used as type  @typescript-eslint/consistent-type-imports

/Users/andrewmathers/projects/dykstra-funeral-website/packages/application/src/ports/payment-port.ts
  1:1  warning  Imports "Effect" are only used as type  @typescript-eslint/consistent-type-imports

/Users/andrewmathers/projects/dykstra-funeral-website/packages/application/src/ports/payment-repository.ts
  1:1  warning  Imports "Effect" are only used as type                                    @typescript-eslint/consistent-type-imports
  2:1  warning  All imports in the declaration are only used as types. Use `import type`  @typescript-eslint/consistent-type-imports

/Users/andrewmathers/projects/dykstra-funeral-website/packages/application/src/ports/phone-validation-port.ts
  1:1  warning  Imports "Effect" are only used as type  @typescript-eslint/consistent-type-imports

/Users/andrewmathers/projects/dykstra-funeral-website/packages/application/src/ports/photo-repository.ts
  1:1  warning  Imports "Effect" are only used as type                                    @typescript-eslint/consistent-type-imports
  2:1  warning  All imports in the declaration are only used as types. Use `import type`  @typescript-eslint/consistent-type-imports

/Users/andrewmathers/projects/dykstra-funeral-website/packages/application/src/ports/referral-source-repository.ts
  1:1  warning  Imports "Effect" are only used as type          @typescript-eslint/consistent-type-imports
  2:1  warning  Imports "ReferralSource" are only used as type  @typescript-eslint/consistent-type-imports

/Users/andrewmathers/projects/dykstra-funeral-website/packages/application/src/ports/signature-port.ts
  1:1  warning  Imports "Effect" are only used as type  @typescript-eslint/consistent-type-imports

/Users/andrewmathers/projects/dykstra-funeral-website/packages/application/src/ports/sms-port.ts
  1:1  warning  Imports "Effect" are only used as type  @typescript-eslint/consistent-type-imports

/Users/andrewmathers/projects/dykstra-funeral-website/packages/application/src/ports/staff-repository.ts
  1:1  warning  Imports "Effect" are only used as type  @typescript-eslint/consistent-type-imports

/Users/andrewmathers/projects/dykstra-funeral-website/packages/application/src/ports/storage-port.ts
  1:1  warning  Imports "Effect" are only used as type  @typescript-eslint/consistent-type-imports

/Users/andrewmathers/projects/dykstra-funeral-website/packages/application/src/ports/task-repository.ts
  1:1  warning  Imports "Effect" are only used as type  @typescript-eslint/consistent-type-imports

/Users/andrewmathers/projects/dykstra-funeral-website/packages/application/src/ports/tribute-repository.ts
  1:1  warning  Imports "Effect" are only used as type                                    @typescript-eslint/consistent-type-imports
  3:1  warning  All imports in the declaration are only used as types. Use `import type`  @typescript-eslint/consistent-type-imports

/Users/andrewmathers/projects/dykstra-funeral-website/packages/application/src/ports/user-port.ts
  1:1  warning  Imports "Effect" are only used as type  @typescript-eslint/consistent-type-imports

/Users/andrewmathers/projects/dykstra-funeral-website/packages/application/src/queries/get-arrangements.ts
  2:1  warning  Imports "NotFoundError" are only used as type     @typescript-eslint/consistent-type-imports
  3:1  warning  Imports "PersistenceError" are only used as type  @typescript-eslint/consistent-type-imports

/Users/andrewmathers/projects/dykstra-funeral-website/packages/application/src/queries/get-case-details.ts
  2:1  warning  All imports in the declaration are only used as types. Use `import type`  @typescript-eslint/consistent-type-imports
  3:1  warning  Imports "PersistenceError" are only used as type                          @typescript-eslint/consistent-type-imports

/Users/andrewmathers/projects/dykstra-funeral-website/packages/application/src/queries/get-case-timeline.ts
  3:1  warning  All imports in the declaration are only used as types. Use `import type`  @typescript-eslint/consistent-type-imports
  4:1  warning  Imports "PersistenceError" are only used as type                          @typescript-eslint/consistent-type-imports

/Users/andrewmathers/projects/dykstra-funeral-website/packages/application/src/queries/get-guestbook.ts
  2:1  warning  All imports in the declaration are only used as types. Use `import type`  @typescript-eslint/consistent-type-imports
  3:1  warning  Imports "PersistenceError" are only used as type                          @typescript-eslint/consistent-type-imports

/Users/andrewmathers/projects/dykstra-funeral-website/packages/application/src/queries/get-payment-history.ts
  2:1  warning  Imports "PersistenceError" are only used as type  @typescript-eslint/consistent-type-imports

/Users/andrewmathers/projects/dykstra-funeral-website/packages/application/src/queries/get-payment-receipt.ts
  2:1  warning  Imports "NotFoundError" are only used as type     @typescript-eslint/consistent-type-imports
  3:1  warning  Imports "PersistenceError" are only used as type  @typescript-eslint/consistent-type-imports

/Users/andrewmathers/projects/dykstra-funeral-website/packages/application/src/queries/get-photos.ts
  2:1  warning  Imports "Photo" are only used as type             @typescript-eslint/consistent-type-imports
  3:1  warning  Imports "PersistenceError" are only used as type  @typescript-eslint/consistent-type-imports

/Users/andrewmathers/projects/dykstra-funeral-website/packages/application/src/queries/get-tributes.ts
  2:1  warning  All imports in the declaration are only used as types. Use `import type`  @typescript-eslint/consistent-type-imports
  3:1  warning  Imports "PersistenceError" are only used as type                          @typescript-eslint/consistent-type-imports

/Users/andrewmathers/projects/dykstra-funeral-website/packages/application/src/use-cases/campaigns/send-campaign.ts
  2:1  warning  All imports in the declaration are only used as types. Use `import type`  @typescript-eslint/consistent-type-imports
  3:1  warning  Imports "PersistenceError" are only used as type                          @typescript-eslint/consistent-type-imports
  5:1  warning  Imports "EmailError" are only used as type                                @typescript-eslint/consistent-type-imports
  6:1  warning  Imports "SMSError" are only used as type                                  @typescript-eslint/consistent-type-imports

/Users/andrewmathers/projects/dykstra-funeral-website/packages/application/src/use-cases/case-management/get-financial-summary.ts
  2:1  warning  Imports "PersistenceError" are only used as type  @typescript-eslint/consistent-type-imports

/Users/andrewmathers/projects/dykstra-funeral-website/packages/application/src/use-cases/case-management/update-case-status.ts
  2:1  warning  Imports "PersistenceError" are only used as type                          @typescript-eslint/consistent-type-imports
  4:1  warning  All imports in the declaration are only used as types. Use `import type`  @typescript-eslint/consistent-type-imports

/Users/andrewmathers/projects/dykstra-funeral-website/packages/application/src/use-cases/contacts/find-duplicates.ts
  2:1  warning  All imports in the declaration are only used as types. Use `import type`  @typescript-eslint/consistent-type-imports
  3:1  warning  Imports "PersistenceError" are only used as type                          @typescript-eslint/consistent-type-imports

/Users/andrewmathers/projects/dykstra-funeral-website/packages/application/src/use-cases/contacts/merge-contacts.ts
  2:1  warning  All imports in the declaration are only used as types. Use `import type`  @typescript-eslint/consistent-type-imports
  3:1  warning  Imports "PersistenceError" are only used as type                          @typescript-eslint/consistent-type-imports

/Users/andrewmathers/projects/dykstra-funeral-website/packages/application/src/use-cases/contracts/catalog-queries.ts
  2:1  warning  Imports "Product", "Service", "ProductCategory" and "CatalogServiceType" are only used as type  @typescript-eslint/consistent-type-imports

/Users/andrewmathers/projects/dykstra-funeral-website/packages/application/src/use-cases/contracts/contract-operations.ts
  2:1  warning  Imports "PersistenceError" are only used as type                                                                 @typescript-eslint/consistent-type-imports
  4:1  warning  Imports "ValidationError", "InvalidStateTransitionError" and "BusinessRuleViolationError" are only used as type  @typescript-eslint/consistent-type-imports

/Users/andrewmathers/projects/dykstra-funeral-website/packages/application/src/use-cases/contracts/template-operations.ts
  2:1  warning  Imports "ContractTemplateWithCreator" are only used as type               @typescript-eslint/consistent-type-imports
  7:1  warning  All imports in the declaration are only used as types. Use `import type`  @typescript-eslint/consistent-type-imports

/Users/andrewmathers/projects/dykstra-funeral-website/packages/application/src/use-cases/email-sync/match-email-to-entity.ts
  5:1  warning  All imports in the declaration are only used as types. Use `import type`  @typescript-eslint/consistent-type-imports

/Users/andrewmathers/projects/dykstra-funeral-website/packages/application/src/use-cases/email-sync/sync-user-emails.ts
  2:1  warning  Imports "EmailSyncError" are only used as type  @typescript-eslint/consistent-type-imports

/Users/andrewmathers/projects/dykstra-funeral-website/packages/application/src/use-cases/interactions/log-interaction.ts
  2:1  warning  Imports "ValidationError" are only used as type   @typescript-eslint/consistent-type-imports
  3:1  warning  Imports "PersistenceError" are only used as type  @typescript-eslint/consistent-type-imports

/Users/andrewmathers/projects/dykstra-funeral-website/packages/application/src/use-cases/invitations/create-invitation.ts
  3:1  warning  Imports "CaseMemberRole" are only used as type                        @typescript-eslint/consistent-type-imports
  4:1  warning  Imports "NotFoundError" and "PersistenceError" are only used as type  @typescript-eslint/consistent-type-imports
  5:1  warning  Imports "EmailError" are only used as type                            @typescript-eslint/consistent-type-imports

/Users/andrewmathers/projects/dykstra-funeral-website/packages/application/src/use-cases/invitations/get-invitation-history.ts
  2:1  warning  Imports "InvitationNotFoundError" and "InvitationWithRelations" are only used as type  @typescript-eslint/consistent-type-imports

/Users/andrewmathers/projects/dykstra-funeral-website/packages/application/src/use-cases/invitations/list-invitations.ts
  2:1  warning  Imports "InvitationStatus" and "InvitationWithRelations" are only used as type  @typescript-eslint/consistent-type-imports

/Users/andrewmathers/projects/dykstra-funeral-website/packages/application/src/use-cases/invitations/resend-invitation.ts
  3:1  warning  Imports "InvitationNotFoundError" are only used as type  @typescript-eslint/consistent-type-imports
  4:1  warning  Imports "EmailError" are only used as type               @typescript-eslint/consistent-type-imports

/Users/andrewmathers/projects/dykstra-funeral-website/packages/application/src/use-cases/invitations/revoke-invitation.ts
  2:1  warning  Imports "InvitationNotFoundError" are only used as type  @typescript-eslint/consistent-type-imports

/Users/andrewmathers/projects/dykstra-funeral-website/packages/application/src/use-cases/leads/convert-lead-to-case.ts
  2:1  warning  Imports "Lead", "InvalidStateTransitionError" and "ValidationError" are only used as type  @typescript-eslint/consistent-type-imports
  3:1  warning  Imports "PersistenceError" are only used as type                                           @typescript-eslint/consistent-type-imports

/Users/andrewmathers/projects/dykstra-funeral-website/packages/application/src/use-cases/leads/create-lead.ts
  2:1  warning  Imports "ValidationError" are only used as type   @typescript-eslint/consistent-type-imports
  3:1  warning  Imports "PersistenceError" are only used as type  @typescript-eslint/consistent-type-imports

/Users/andrewmathers/projects/dykstra-funeral-website/packages/application/src/use-cases/notes/delete-note.ts
  2:1  warning  Imports "NoteNotFoundError" are only used as type  @typescript-eslint/consistent-type-imports

/Users/andrewmathers/projects/dykstra-funeral-website/packages/application/src/use-cases/payments/get-ar-aging-report.ts
  3:1  warning  All imports in the declaration are only used as types. Use `import type`  @typescript-eslint/consistent-type-imports
  4:1  warning  All imports in the declaration are only used as types. Use `import type`  @typescript-eslint/consistent-type-imports

/Users/andrewmathers/projects/dykstra-funeral-website/packages/application/src/use-cases/payments/process-refund.ts
  2:1  warning  Imports "InvalidStateTransitionError" and "NotFoundError" are only used as type  @typescript-eslint/consistent-type-imports

/Users/andrewmathers/projects/dykstra-funeral-website/packages/application/src/use-cases/payments/record-manual-payment.ts
  2:1  warning  Imports "BusinessRuleViolationError" and "InvalidStateTransitionError" are only used as type  @typescript-eslint/consistent-type-imports

/Users/andrewmathers/projects/dykstra-funeral-website/packages/application/src/use-cases/staff/get-analytics.ts
  2:1  warning  Imports "PersistenceError" are only used as type  @typescript-eslint/consistent-type-imports

/Users/andrewmathers/projects/dykstra-funeral-website/packages/application/src/use-cases/staff/get-dashboard-stats.ts
  2:1  warning  Imports "PersistenceError" are only used as type  @typescript-eslint/consistent-type-imports

/Users/andrewmathers/projects/dykstra-funeral-website/packages/application/src/use-cases/staff/get-task-dashboard.ts
  2:1  warning  Imports "PersistenceError" are only used as type  @typescript-eslint/consistent-type-imports
  3:1  warning  Imports "TaskWithUsers" are only used as type     @typescript-eslint/consistent-type-imports

/Users/andrewmathers/projects/dykstra-funeral-website/packages/application/src/use-cases/staff/list-staff-members.ts
  2:1  warning  Imports "PersistenceError" are only used as type  @typescript-eslint/consistent-type-imports

/Users/andrewmathers/projects/dykstra-funeral-website/packages/application/src/use-cases/tasks/update-task-status.ts
  2:1  warning  Imports "TaskStatus" and "TaskNotFoundError" are only used as type  @typescript-eslint/consistent-type-imports

✖ 139 problems (0 errors, 139 warnings)
  0 errors and 139 warnings potentially fixable with the `--fix` option.

